14 Apr 2022 14:35:23,019 main - suiteXmlPath: "/home/adi/.cache/JetBrains/IntelliJIdea2021.3/temp-testng-customsuite.xml"
14 Apr 2022 14:35:23,387 main - [Graph] ADDING NODE calcTest.powerTest()[pri:0, instance:calcTest@7817fd62] -1683505293
14 Apr 2022 14:35:23,388 main - [Graph] ADDING NODE calcTest.logTest()[pri:0, instance:calcTest@7817fd62] -1009642030
14 Apr 2022 14:35:23,388 main - [Graph] ADDING NODE calcTest.factorialTest()[pri:0, instance:calcTest@7817fd62] -2105227565
14 Apr 2022 14:35:23,388 main - [Graph] ADDING NODE calcTest.squareRootTest()[pri:0, instance:calcTest@7817fd62] -677002355
14 Apr 2022 14:35:23,388 main - [Graph] ================ SORTING
14 Apr 2022 14:35:23,390 main - [Graph] =============== DONE SORTING
14 Apr 2022 14:35:23,390 main - [Graph] ====== SORTED NODES
14 Apr 2022 14:35:23,390 main - [Graph] ====== END SORTED NODES
14 Apr 2022 14:35:23,393 main - [TestNG] Running:
  /home/adi/.cache/JetBrains/IntelliJIdea2021.3/temp-testng-customsuite.xml

14 Apr 2022 14:38:16,402 main - suiteXmlPath: "/home/adi/.cache/JetBrains/IntelliJIdea2021.3/temp-testng-customsuite.xml"
14 Apr 2022 14:38:16,741 main - [Graph] ADDING NODE calcTest.powerTest()[pri:0, instance:calcTest@7817fd62] -1683505293
14 Apr 2022 14:38:16,741 main - [Graph] ADDING NODE calcTest.logTest()[pri:0, instance:calcTest@7817fd62] -1009642030
14 Apr 2022 14:38:16,741 main - [Graph] ADDING NODE calcTest.factorialTest()[pri:0, instance:calcTest@7817fd62] -2105227565
14 Apr 2022 14:38:16,741 main - [Graph] ADDING NODE calcTest.squareRootTest()[pri:0, instance:calcTest@7817fd62] -677002355
14 Apr 2022 14:38:16,741 main - [Graph] ================ SORTING
14 Apr 2022 14:38:16,744 main - [Graph] =============== DONE SORTING
14 Apr 2022 14:38:16,744 main - [Graph] ====== SORTED NODES
14 Apr 2022 14:38:16,744 main - [Graph] ====== END SORTED NODES
14 Apr 2022 14:38:16,748 main - [TestNG] Running:
  /home/adi/.cache/JetBrains/IntelliJIdea2021.3/temp-testng-customsuite.xml

14 Apr 2022 15:16:58,140 main - [Graph] ADDING NODE calcTest.powerTest()[pri:0, instance:calcTest@492691d7] 1823888360
14 Apr 2022 15:16:58,141 main - [Graph] ADDING NODE calcTest.logTest()[pri:0, instance:calcTest@492691d7] -1797215673
14 Apr 2022 15:16:58,141 main - [Graph] ADDING NODE calcTest.factorialTest()[pri:0, instance:calcTest@492691d7] 1402166088
14 Apr 2022 15:16:58,141 main - [Graph] ADDING NODE calcTest.squareRootTest()[pri:0, instance:calcTest@492691d7] -1464575998
14 Apr 2022 15:16:58,141 main - [Graph] ================ SORTING
14 Apr 2022 15:16:58,145 main - [Graph] =============== DONE SORTING
14 Apr 2022 15:16:58,145 main - [Graph] ====== SORTED NODES
14 Apr 2022 15:16:58,145 main - [Graph] ====== END SORTED NODES
14 Apr 2022 15:47:12,847 main - [Graph] ADDING NODE calcTest.powerTest()[pri:0, instance:calcTest@492691d7] 1823888360
14 Apr 2022 15:47:12,847 main - [Graph] ADDING NODE calcTest.logTest()[pri:0, instance:calcTest@492691d7] -1797215673
14 Apr 2022 15:47:12,847 main - [Graph] ADDING NODE calcTest.factorialTest()[pri:0, instance:calcTest@492691d7] 1402166088
14 Apr 2022 15:47:12,847 main - [Graph] ADDING NODE calcTest.squareRootTest()[pri:0, instance:calcTest@492691d7] -1464575998
14 Apr 2022 15:47:12,847 main - [Graph] ================ SORTING
14 Apr 2022 15:47:12,850 main - [Graph] =============== DONE SORTING
14 Apr 2022 15:47:12,850 main - [Graph] ====== SORTED NODES
14 Apr 2022 15:47:12,850 main - [Graph] ====== END SORTED NODES
14 Apr 2022 15:49:55,425 main - [Graph] ADDING NODE calcTest.powerTest()[pri:0, instance:calcTest@492691d7] 1823888360
14 Apr 2022 15:49:55,425 main - [Graph] ADDING NODE calcTest.logTest()[pri:0, instance:calcTest@492691d7] -1797215673
14 Apr 2022 15:49:55,425 main - [Graph] ADDING NODE calcTest.factorialTest()[pri:0, instance:calcTest@492691d7] 1402166088
14 Apr 2022 15:49:55,425 main - [Graph] ADDING NODE calcTest.squareRootTest()[pri:0, instance:calcTest@492691d7] -1464575998
14 Apr 2022 15:49:55,425 main - [Graph] ================ SORTING
14 Apr 2022 15:49:55,428 main - [Graph] =============== DONE SORTING
14 Apr 2022 15:49:55,428 main - [Graph] ====== SORTED NODES
14 Apr 2022 15:49:55,428 main - [Graph] ====== END SORTED NODES
14 Apr 2022 15:52:37,230 main - [Graph] ADDING NODE calcTest.powerTest()[pri:0, instance:calcTest@492691d7] 1823888360
14 Apr 2022 15:52:37,230 main - [Graph] ADDING NODE calcTest.logTest()[pri:0, instance:calcTest@492691d7] -1797215673
14 Apr 2022 15:52:37,231 main - [Graph] ADDING NODE calcTest.factorialTest()[pri:0, instance:calcTest@492691d7] 1402166088
14 Apr 2022 15:52:37,231 main - [Graph] ADDING NODE calcTest.squareRootTest()[pri:0, instance:calcTest@492691d7] -1464575998
14 Apr 2022 15:52:37,231 main - [Graph] ================ SORTING
14 Apr 2022 15:52:37,233 main - [Graph] =============== DONE SORTING
14 Apr 2022 15:52:37,233 main - [Graph] ====== SORTED NODES
14 Apr 2022 15:52:37,233 main - [Graph] ====== END SORTED NODES
14 Apr 2022 15:53:40,437 main - [Graph] ADDING NODE calcTest.powerTest()[pri:0, instance:calcTest@492691d7] 1823888360
14 Apr 2022 15:53:40,438 main - [Graph] ADDING NODE calcTest.logTest()[pri:0, instance:calcTest@492691d7] -1797215673
14 Apr 2022 15:53:40,438 main - [Graph] ADDING NODE calcTest.factorialTest()[pri:0, instance:calcTest@492691d7] 1402166088
14 Apr 2022 15:53:40,438 main - [Graph] ADDING NODE calcTest.squareRootTest()[pri:0, instance:calcTest@492691d7] -1464575998
14 Apr 2022 15:53:40,438 main - [Graph] ================ SORTING
14 Apr 2022 15:53:40,441 main - [Graph] =============== DONE SORTING
14 Apr 2022 15:53:40,441 main - [Graph] ====== SORTED NODES
14 Apr 2022 15:53:40,441 main - [Graph] ====== END SORTED NODES
15 Apr 2022 12:39:50,478 main - [Graph] ADDING NODE calcTest.powerTest()[pri:0, instance:calcTest@492691d7] 1823888360
15 Apr 2022 12:39:50,479 main - [Graph] ADDING NODE calcTest.logTest()[pri:0, instance:calcTest@492691d7] -1797215673
15 Apr 2022 12:39:50,479 main - [Graph] ADDING NODE calcTest.factorialTest()[pri:0, instance:calcTest@492691d7] 1402166088
15 Apr 2022 12:39:50,479 main - [Graph] ADDING NODE calcTest.squareRootTest()[pri:0, instance:calcTest@492691d7] -1464575998
15 Apr 2022 12:39:50,479 main - [Graph] ================ SORTING
15 Apr 2022 12:39:50,482 main - [Graph] =============== DONE SORTING
15 Apr 2022 12:39:50,482 main - [Graph] ====== SORTED NODES
15 Apr 2022 12:39:50,482 main - [Graph] ====== END SORTED NODES
