14/Apr/2022:14:38:16 776 [calc.java] [INFO] calc.calc Factorial is : 120.0
14/Apr/2022:14:38:16 781 [calc.java] [ERROR] calc.calc Number cannot be less than 0. Invalid Input, Enter Number greater than 0
14/Apr/2022:14:38:16 781 [calc.java] [INFO] calc.calc Factorial is : NaN
14/Apr/2022:14:38:16 781 [calc.java] [INFO] calc.calc Factorial is : 6.0
14/Apr/2022:14:38:16 781 [calc.java] [INFO] calc.calc Factorial is : 120.0
14/Apr/2022:14:38:16 784 [calc.java] [INFO] calc.calc Calculating Natural log of 4.0
14/Apr/2022:14:38:16 784 [calc.java] [INFO] calc.calc Result of naturalLog is : 1.3862943611198906
14/Apr/2022:14:38:16 784 [calc.java] [INFO] calc.calc Calculating Natural log of 0.0
14/Apr/2022:14:38:16 784 [calc.java] [ERROR] calc.calc Number cannot be less than 0. Invalid Input, Enter Number greater than 0
14/Apr/2022:14:38:16 785 [calc.java] [INFO] calc.calc Result of naturalLog is : NaN
14/Apr/2022:14:38:16 785 [calc.java] [INFO] calc.calc Calculating Natural log of 14.0
14/Apr/2022:14:38:16 785 [calc.java] [INFO] calc.calc Result of naturalLog is : 2.6390573296152584
14/Apr/2022:14:38:16 785 [calc.java] [INFO] calc.calc Calculating Natural log of 9.0
14/Apr/2022:14:38:16 785 [calc.java] [INFO] calc.calc Result of naturalLog is : 2.1972245773362196
14/Apr/2022:14:38:16 786 [calc.java] [INFO] calc.calc Calculating Power  of two numbers 2.0 and 2.0
14/Apr/2022:14:38:16 786 [calc.java] [INFO] calc.calc Result of power is : 4.0
14/Apr/2022:14:38:16 787 [calc.java] [INFO] calc.calc Calculating Power  of two numbers 3.0 and 3.0
14/Apr/2022:14:38:16 787 [calc.java] [INFO] calc.calc Result of power is : 27.0
14/Apr/2022:14:38:16 787 [calc.java] [INFO] calc.calc Calculating Power  of two numbers 3.0 and 3.0
14/Apr/2022:14:38:16 787 [calc.java] [INFO] calc.calc Result of power is : 27.0
14/Apr/2022:14:38:16 788 [calc.java] [INFO] calc.calc Calculating Square root  of number 100.0
14/Apr/2022:14:38:16 788 [calc.java] [INFO] calc.calc Square Root is : 10.0
14/Apr/2022:14:38:16 789 [calc.java] [INFO] calc.calc Calculating Square root  of number -10.0
14/Apr/2022:14:38:16 789 [calc.java] [ERROR] calc.calc Number cannot be smaller than 0. Invalid Input, Enter Number greater than 0
14/Apr/2022:14:38:16 789 [calc.java] [INFO] calc.calc Square Root is : NaN
14/Apr/2022:14:38:16 789 [calc.java] [INFO] calc.calc Calculating Square root  of number 21.0
14/Apr/2022:14:38:16 789 [calc.java] [INFO] calc.calc Square Root is : 4.58257569495584
14/Apr/2022:14:38:16 789 [calc.java] [INFO] calc.calc Calculating Square root  of number 16.0
14/Apr/2022:14:38:16 790 [calc.java] [INFO] calc.calc Square Root is : 4.0
14/Apr/2022:15:16:58 169 [calc.java] [INFO] calc.calc Factorial is : 120.0
14/Apr/2022:15:16:58 175 [calc.java] [ERROR] calc.calc Number cannot be less than 0. Invalid Input, Enter Number greater than 0
14/Apr/2022:15:16:58 176 [calc.java] [INFO] calc.calc Factorial is : NaN
14/Apr/2022:15:16:58 176 [calc.java] [INFO] calc.calc Factorial is : 6.0
14/Apr/2022:15:16:58 176 [calc.java] [INFO] calc.calc Factorial is : 120.0
14/Apr/2022:15:16:58 178 [calc.java] [INFO] calc.calc Calculating Natural log of 4.0
14/Apr/2022:15:16:58 179 [calc.java] [INFO] calc.calc Result of naturalLog is : 1.3862943611198906
14/Apr/2022:15:16:58 179 [calc.java] [INFO] calc.calc Calculating Natural log of 0.0
14/Apr/2022:15:16:58 179 [calc.java] [ERROR] calc.calc Number cannot be less than 0. Invalid Input, Enter Number greater than 0
14/Apr/2022:15:16:58 180 [calc.java] [INFO] calc.calc Result of naturalLog is : NaN
14/Apr/2022:15:16:58 180 [calc.java] [INFO] calc.calc Calculating Natural log of 14.0
14/Apr/2022:15:16:58 180 [calc.java] [INFO] calc.calc Result of naturalLog is : 2.6390573296152584
14/Apr/2022:15:16:58 180 [calc.java] [INFO] calc.calc Calculating Natural log of 9.0
14/Apr/2022:15:16:58 181 [calc.java] [INFO] calc.calc Result of naturalLog is : 2.1972245773362196
14/Apr/2022:15:16:58 181 [calc.java] [INFO] calc.calc Calculating Power  of two numbers 2.0 and 2.0
14/Apr/2022:15:16:58 182 [calc.java] [INFO] calc.calc Result of power is : 4.0
14/Apr/2022:15:16:58 182 [calc.java] [INFO] calc.calc Calculating Power  of two numbers 3.0 and 3.0
14/Apr/2022:15:16:58 182 [calc.java] [INFO] calc.calc Result of power is : 27.0
14/Apr/2022:15:16:58 183 [calc.java] [INFO] calc.calc Calculating Power  of two numbers 3.0 and 3.0
14/Apr/2022:15:16:58 183 [calc.java] [INFO] calc.calc Result of power is : 27.0
14/Apr/2022:15:16:58 184 [calc.java] [INFO] calc.calc Calculating Square root  of number 100.0
14/Apr/2022:15:16:58 185 [calc.java] [INFO] calc.calc Square Root is : 10.0
14/Apr/2022:15:16:58 185 [calc.java] [INFO] calc.calc Calculating Square root  of number -10.0
14/Apr/2022:15:16:58 185 [calc.java] [ERROR] calc.calc Number cannot be smaller than 0. Invalid Input, Enter Number greater than 0
14/Apr/2022:15:16:58 185 [calc.java] [INFO] calc.calc Square Root is : NaN
14/Apr/2022:15:16:58 186 [calc.java] [INFO] calc.calc Calculating Square root  of number 21.0
14/Apr/2022:15:16:58 186 [calc.java] [INFO] calc.calc Square Root is : 4.58257569495584
14/Apr/2022:15:16:58 186 [calc.java] [INFO] calc.calc Calculating Square root  of number 16.0
14/Apr/2022:15:16:58 186 [calc.java] [INFO] calc.calc Square Root is : 4.0
14/Apr/2022:15:47:12 880 [calc.java] [INFO] calc.calc Factorial is : 120.0
14/Apr/2022:15:47:12 885 [calc.java] [ERROR] calc.calc Number cannot be less than 0. Invalid Input, Enter Number greater than 0
14/Apr/2022:15:47:12 886 [calc.java] [INFO] calc.calc Factorial is : NaN
14/Apr/2022:15:47:12 886 [calc.java] [INFO] calc.calc Factorial is : 6.0
14/Apr/2022:15:47:12 886 [calc.java] [INFO] calc.calc Factorial is : 120.0
14/Apr/2022:15:47:12 888 [calc.java] [INFO] calc.calc Calculating Natural log of 4.0
14/Apr/2022:15:47:12 889 [calc.java] [INFO] calc.calc Result of naturalLog is : 1.3862943611198906
14/Apr/2022:15:47:12 889 [calc.java] [INFO] calc.calc Calculating Natural log of 0.0
14/Apr/2022:15:47:12 889 [calc.java] [ERROR] calc.calc Number cannot be less than 0. Invalid Input, Enter Number greater than 0
14/Apr/2022:15:47:12 890 [calc.java] [INFO] calc.calc Result of naturalLog is : NaN
14/Apr/2022:15:47:12 890 [calc.java] [INFO] calc.calc Calculating Natural log of 14.0
14/Apr/2022:15:47:12 890 [calc.java] [INFO] calc.calc Result of naturalLog is : 2.6390573296152584
14/Apr/2022:15:47:12 891 [calc.java] [INFO] calc.calc Calculating Natural log of 9.0
14/Apr/2022:15:47:12 891 [calc.java] [INFO] calc.calc Result of naturalLog is : 2.1972245773362196
14/Apr/2022:15:47:12 892 [calc.java] [INFO] calc.calc Calculating Power  of two numbers 2.0 and 2.0
14/Apr/2022:15:47:12 892 [calc.java] [INFO] calc.calc Result of power is : 4.0
14/Apr/2022:15:47:12 892 [calc.java] [INFO] calc.calc Calculating Power  of two numbers 3.0 and 3.0
14/Apr/2022:15:47:12 893 [calc.java] [INFO] calc.calc Result of power is : 27.0
14/Apr/2022:15:47:12 893 [calc.java] [INFO] calc.calc Calculating Power  of two numbers 3.0 and 3.0
14/Apr/2022:15:47:12 893 [calc.java] [INFO] calc.calc Result of power is : 27.0
14/Apr/2022:15:47:12 894 [calc.java] [INFO] calc.calc Calculating Square root  of number 100.0
14/Apr/2022:15:47:12 894 [calc.java] [INFO] calc.calc Square Root is : 10.0
14/Apr/2022:15:47:12 894 [calc.java] [INFO] calc.calc Calculating Square root  of number -10.0
14/Apr/2022:15:47:12 894 [calc.java] [ERROR] calc.calc Number cannot be smaller than 0. Invalid Input, Enter Number greater than 0
14/Apr/2022:15:47:12 895 [calc.java] [INFO] calc.calc Square Root is : NaN
14/Apr/2022:15:47:12 895 [calc.java] [INFO] calc.calc Calculating Square root  of number 21.0
14/Apr/2022:15:47:12 895 [calc.java] [INFO] calc.calc Square Root is : 4.58257569495584
14/Apr/2022:15:47:12 896 [calc.java] [INFO] calc.calc Calculating Square root  of number 16.0
14/Apr/2022:15:47:12 896 [calc.java] [INFO] calc.calc Square Root is : 4.0
14/Apr/2022:15:49:55 454 [calc.java] [INFO] calc.calc Factorial is : 120.0
14/Apr/2022:15:49:55 459 [calc.java] [ERROR] calc.calc Number cannot be less than 0. Invalid Input, Enter Number greater than 0
14/Apr/2022:15:49:55 460 [calc.java] [INFO] calc.calc Factorial is : NaN
14/Apr/2022:15:49:55 460 [calc.java] [INFO] calc.calc Factorial is : 6.0
14/Apr/2022:15:49:55 461 [calc.java] [INFO] calc.calc Factorial is : 120.0
14/Apr/2022:15:49:55 463 [calc.java] [INFO] calc.calc Calculating Natural log of 4.0
14/Apr/2022:15:49:55 463 [calc.java] [INFO] calc.calc Result of naturalLog is : 1.3862943611198906
14/Apr/2022:15:49:55 463 [calc.java] [INFO] calc.calc Calculating Natural log of 0.0
14/Apr/2022:15:49:55 464 [calc.java] [ERROR] calc.calc Number cannot be less than 0. Invalid Input, Enter Number greater than 0
14/Apr/2022:15:49:55 464 [calc.java] [INFO] calc.calc Result of naturalLog is : NaN
14/Apr/2022:15:49:55 464 [calc.java] [INFO] calc.calc Calculating Natural log of 14.0
14/Apr/2022:15:49:55 464 [calc.java] [INFO] calc.calc Result of naturalLog is : 2.6390573296152584
14/Apr/2022:15:49:55 465 [calc.java] [INFO] calc.calc Calculating Natural log of 9.0
14/Apr/2022:15:49:55 465 [calc.java] [INFO] calc.calc Result of naturalLog is : 2.1972245773362196
14/Apr/2022:15:49:55 466 [calc.java] [INFO] calc.calc Calculating Power  of two numbers 2.0 and 2.0
14/Apr/2022:15:49:55 466 [calc.java] [INFO] calc.calc Result of power is : 4.0
14/Apr/2022:15:49:55 467 [calc.java] [INFO] calc.calc Calculating Power  of two numbers 3.0 and 3.0
14/Apr/2022:15:49:55 467 [calc.java] [INFO] calc.calc Result of power is : 27.0
14/Apr/2022:15:49:55 467 [calc.java] [INFO] calc.calc Calculating Power  of two numbers 3.0 and 3.0
14/Apr/2022:15:49:55 467 [calc.java] [INFO] calc.calc Result of power is : 27.0
14/Apr/2022:15:49:55 468 [calc.java] [INFO] calc.calc Calculating Square root  of number 100.0
14/Apr/2022:15:49:55 468 [calc.java] [INFO] calc.calc Square Root is : 10.0
14/Apr/2022:15:49:55 468 [calc.java] [INFO] calc.calc Calculating Square root  of number -10.0
14/Apr/2022:15:49:55 469 [calc.java] [ERROR] calc.calc Number cannot be smaller than 0. Invalid Input, Enter Number greater than 0
14/Apr/2022:15:49:55 469 [calc.java] [INFO] calc.calc Square Root is : NaN
14/Apr/2022:15:49:55 469 [calc.java] [INFO] calc.calc Calculating Square root  of number 21.0
14/Apr/2022:15:49:55 469 [calc.java] [INFO] calc.calc Square Root is : 4.58257569495584
14/Apr/2022:15:49:55 469 [calc.java] [INFO] calc.calc Calculating Square root  of number 16.0
14/Apr/2022:15:49:55 470 [calc.java] [INFO] calc.calc Square Root is : 4.0
14/Apr/2022:15:52:37 260 [calc.java] [INFO] calc.calc Factorial is : 120.0
14/Apr/2022:15:52:37 265 [calc.java] [ERROR] calc.calc Number cannot be less than 0. Invalid Input, Enter Number greater than 0
14/Apr/2022:15:52:37 266 [calc.java] [INFO] calc.calc Factorial is : NaN
14/Apr/2022:15:52:37 266 [calc.java] [INFO] calc.calc Factorial is : 6.0
14/Apr/2022:15:52:37 266 [calc.java] [INFO] calc.calc Factorial is : 120.0
14/Apr/2022:15:52:37 268 [calc.java] [INFO] calc.calc Calculating Natural log of 4.0
14/Apr/2022:15:52:37 269 [calc.java] [INFO] calc.calc Result of naturalLog is : 1.3862943611198906
14/Apr/2022:15:52:37 269 [calc.java] [INFO] calc.calc Calculating Natural log of 0.0
14/Apr/2022:15:52:37 269 [calc.java] [ERROR] calc.calc Number cannot be less than 0. Invalid Input, Enter Number greater than 0
14/Apr/2022:15:52:37 270 [calc.java] [INFO] calc.calc Result of naturalLog is : NaN
14/Apr/2022:15:52:37 270 [calc.java] [INFO] calc.calc Calculating Natural log of 14.0
14/Apr/2022:15:52:37 270 [calc.java] [INFO] calc.calc Result of naturalLog is : 2.6390573296152584
14/Apr/2022:15:52:37 270 [calc.java] [INFO] calc.calc Calculating Natural log of 9.0
14/Apr/2022:15:52:37 271 [calc.java] [INFO] calc.calc Result of naturalLog is : 2.1972245773362196
14/Apr/2022:15:52:37 272 [calc.java] [INFO] calc.calc Calculating Power  of two numbers 2.0 and 2.0
14/Apr/2022:15:52:37 272 [calc.java] [INFO] calc.calc Result of power is : 4.0
14/Apr/2022:15:52:37 272 [calc.java] [INFO] calc.calc Calculating Power  of two numbers 3.0 and 3.0
14/Apr/2022:15:52:37 273 [calc.java] [INFO] calc.calc Result of power is : 27.0
14/Apr/2022:15:52:37 273 [calc.java] [INFO] calc.calc Calculating Power  of two numbers 3.0 and 3.0
14/Apr/2022:15:52:37 273 [calc.java] [INFO] calc.calc Result of power is : 27.0
14/Apr/2022:15:52:37 274 [calc.java] [INFO] calc.calc Calculating Square root  of number 100.0
14/Apr/2022:15:52:37 274 [calc.java] [INFO] calc.calc Square Root is : 10.0
14/Apr/2022:15:52:37 274 [calc.java] [INFO] calc.calc Calculating Square root  of number -10.0
14/Apr/2022:15:52:37 275 [calc.java] [ERROR] calc.calc Number cannot be smaller than 0. Invalid Input, Enter Number greater than 0
14/Apr/2022:15:52:37 275 [calc.java] [INFO] calc.calc Square Root is : NaN
14/Apr/2022:15:52:37 275 [calc.java] [INFO] calc.calc Calculating Square root  of number 21.0
14/Apr/2022:15:52:37 276 [calc.java] [INFO] calc.calc Square Root is : 4.58257569495584
14/Apr/2022:15:52:37 276 [calc.java] [INFO] calc.calc Calculating Square root  of number 16.0
14/Apr/2022:15:52:37 276 [calc.java] [INFO] calc.calc Square Root is : 4.0
14/Apr/2022:15:53:40 469 [calc.java] [INFO] calc.calc Factorial is : 120.0
14/Apr/2022:15:53:40 475 [calc.java] [ERROR] calc.calc Number cannot be less than 0. Invalid Input, Enter Number greater than 0
14/Apr/2022:15:53:40 475 [calc.java] [INFO] calc.calc Factorial is : NaN
14/Apr/2022:15:53:40 476 [calc.java] [INFO] calc.calc Factorial is : 6.0
14/Apr/2022:15:53:40 476 [calc.java] [INFO] calc.calc Factorial is : 120.0
14/Apr/2022:15:53:40 478 [calc.java] [INFO] calc.calc Calculating Natural log of 4.0
14/Apr/2022:15:53:40 479 [calc.java] [INFO] calc.calc Result of naturalLog is : 1.3862943611198906
14/Apr/2022:15:53:40 479 [calc.java] [INFO] calc.calc Calculating Natural log of 0.0
14/Apr/2022:15:53:40 479 [calc.java] [ERROR] calc.calc Number cannot be less than 0. Invalid Input, Enter Number greater than 0
14/Apr/2022:15:53:40 480 [calc.java] [INFO] calc.calc Result of naturalLog is : NaN
14/Apr/2022:15:53:40 480 [calc.java] [INFO] calc.calc Calculating Natural log of 14.0
14/Apr/2022:15:53:40 481 [calc.java] [INFO] calc.calc Result of naturalLog is : 2.6390573296152584
14/Apr/2022:15:53:40 481 [calc.java] [INFO] calc.calc Calculating Natural log of 9.0
14/Apr/2022:15:53:40 482 [calc.java] [INFO] calc.calc Result of naturalLog is : 2.1972245773362196
14/Apr/2022:15:53:40 483 [calc.java] [INFO] calc.calc Calculating Power  of two numbers 2.0 and 2.0
14/Apr/2022:15:53:40 483 [calc.java] [INFO] calc.calc Result of power is : 4.0
14/Apr/2022:15:53:40 484 [calc.java] [INFO] calc.calc Calculating Power  of two numbers 3.0 and 3.0
14/Apr/2022:15:53:40 484 [calc.java] [INFO] calc.calc Result of power is : 27.0
14/Apr/2022:15:53:40 484 [calc.java] [INFO] calc.calc Calculating Power  of two numbers 3.0 and 3.0
14/Apr/2022:15:53:40 485 [calc.java] [INFO] calc.calc Result of power is : 27.0
14/Apr/2022:15:53:40 486 [calc.java] [INFO] calc.calc Calculating Square root  of number 100.0
14/Apr/2022:15:53:40 486 [calc.java] [INFO] calc.calc Square Root is : 10.0
14/Apr/2022:15:53:40 486 [calc.java] [INFO] calc.calc Calculating Square root  of number -10.0
14/Apr/2022:15:53:40 487 [calc.java] [ERROR] calc.calc Number cannot be smaller than 0. Invalid Input, Enter Number greater than 0
14/Apr/2022:15:53:40 487 [calc.java] [INFO] calc.calc Square Root is : NaN
14/Apr/2022:15:53:40 487 [calc.java] [INFO] calc.calc Calculating Square root  of number 21.0
14/Apr/2022:15:53:40 487 [calc.java] [INFO] calc.calc Square Root is : 4.58257569495584
14/Apr/2022:15:53:40 488 [calc.java] [INFO] calc.calc Calculating Square root  of number 16.0
14/Apr/2022:15:53:40 488 [calc.java] [INFO] calc.calc Square Root is : 4.0
15/Apr/2022:12:39:50 502 [calc.java] [INFO] calc.calc Factorial is : 120.0
15/Apr/2022:12:39:50 508 [calc.java] [ERROR] calc.calc Number cannot be less than 0. Invalid Input, Enter Number greater than 0
15/Apr/2022:12:39:50 508 [calc.java] [INFO] calc.calc Factorial is : NaN
15/Apr/2022:12:39:50 508 [calc.java] [INFO] calc.calc Factorial is : 6.0
15/Apr/2022:12:39:50 509 [calc.java] [INFO] calc.calc Factorial is : 120.0
15/Apr/2022:12:39:50 510 [calc.java] [INFO] calc.calc Calculating Natural log of 4.0
15/Apr/2022:12:39:50 511 [calc.java] [INFO] calc.calc Result of naturalLog is : 1.3862943611198906
15/Apr/2022:12:39:50 511 [calc.java] [INFO] calc.calc Calculating Natural log of 0.0
15/Apr/2022:12:39:50 511 [calc.java] [ERROR] calc.calc Number cannot be less than 0. Invalid Input, Enter Number greater than 0
15/Apr/2022:12:39:50 512 [calc.java] [INFO] calc.calc Result of naturalLog is : NaN
15/Apr/2022:12:39:50 512 [calc.java] [INFO] calc.calc Calculating Natural log of 14.0
15/Apr/2022:12:39:50 512 [calc.java] [INFO] calc.calc Result of naturalLog is : 2.6390573296152584
15/Apr/2022:12:39:50 512 [calc.java] [INFO] calc.calc Calculating Natural log of 9.0
15/Apr/2022:12:39:50 513 [calc.java] [INFO] calc.calc Result of naturalLog is : 2.1972245773362196
15/Apr/2022:12:39:50 513 [calc.java] [INFO] calc.calc Calculating Power  of two numbers 2.0 and 2.0
15/Apr/2022:12:39:50 514 [calc.java] [INFO] calc.calc Result of power is : 4.0
15/Apr/2022:12:39:50 514 [calc.java] [INFO] calc.calc Calculating Power  of two numbers 3.0 and 3.0
15/Apr/2022:12:39:50 514 [calc.java] [INFO] calc.calc Result of power is : 27.0
15/Apr/2022:12:39:50 514 [calc.java] [INFO] calc.calc Calculating Power  of two numbers 3.0 and 3.0
15/Apr/2022:12:39:50 514 [calc.java] [INFO] calc.calc Result of power is : 27.0
15/Apr/2022:12:39:50 515 [calc.java] [INFO] calc.calc Calculating Square root  of number 100.0
15/Apr/2022:12:39:50 515 [calc.java] [INFO] calc.calc Square Root is : 10.0
15/Apr/2022:12:39:50 515 [calc.java] [INFO] calc.calc Calculating Square root  of number -10.0
15/Apr/2022:12:39:50 516 [calc.java] [ERROR] calc.calc Number cannot be smaller than 0. Invalid Input, Enter Number greater than 0
15/Apr/2022:12:39:50 516 [calc.java] [INFO] calc.calc Square Root is : NaN
15/Apr/2022:12:39:50 516 [calc.java] [INFO] calc.calc Calculating Square root  of number 21.0
15/Apr/2022:12:39:50 516 [calc.java] [INFO] calc.calc Square Root is : 4.58257569495584
15/Apr/2022:12:39:50 517 [calc.java] [INFO] calc.calc Calculating Square root  of number 16.0
15/Apr/2022:12:39:50 517 [calc.java] [INFO] calc.calc Square Root is : 4.0
